<?xml version="1.0" encoding="UTF-8"?>
<robot generator="Robot 3.2.2 (Python 3.7.4 on win32)" generated="20210227 21:14:33.184" rpa="false">
<suite id="s1" name="Test" source="C:\Users\Pink\Desktop\Assignment-1\robotframework\test.robot">
<test id="s1-t1" name="Open Lucky Draw Registration Page:">
<kw name="Open Browser" library="SeleniumLibrary">
<doc>Opens a new browser instance to the optional ``url``.</doc>
<arguments>
<arg>${HOMEPAGE}</arg>
<arg>${BROWSER}</arg>
</arguments>
<msg timestamp="20210227 21:14:33.512" level="INFO">Opening browser 'chrome' to base url 'http://www.google.com/'.</msg>
<status status="PASS" starttime="20210227 21:14:33.512" endtime="20210227 21:14:36.474"></status>
</kw>
<kw name="Close Browser" library="SeleniumLibrary">
<doc>Closes the current browser.</doc>
<status status="PASS" starttime="20210227 21:14:36.474" endtime="20210227 21:14:38.597"></status>
</kw>
<status status="PASS" starttime="20210227 21:14:33.512" endtime="20210227 21:14:38.597" critical="yes"></status>
</test>
<status status="PASS" starttime="20210227 21:14:33.184" endtime="20210227 21:14:38.597"></status>
</suite>
<statistics>
<total>
<stat pass="1" fail="0">Critical Tests</stat>
<stat pass="1" fail="0">All Tests</stat>
</total>
<tag>
</tag>
<suite>
<stat pass="1" fail="0" id="s1" name="Test">Test</stat>
</suite>
</statistics>
<errors>
</errors>
</robot>
